<?xml version="1.0" encoding="UTF-8"?>
<testsuite xmlns:xsi="http://www.w3.org/2001/XMLSchema-instance" xsi:noNamespaceSchemaLocation="https://maven.apache.org/surefire/maven-surefire-plugin/xsd/surefire-test-report-3.0.xsd" version="3.0" name="quizzapp.models.UserTest" time="0.013" tests="8" errors="0" skipped="0" failures="0">
  <properties>
[...]
</properties>
  <testcase name="testSuccessPercentage" classname="quizzapp.models.UserTest" time="0.001"/>
  <testcase name="testTotalScore" classname="quizzapp.models.UserTest" time="0.004"/>
  <testcase name="testUpdateScore" classname="quizzapp.models.UserTest" time="0.001"/>
  <testcase name="testToString" classname="quizzapp.models.UserTest" time="0.002"/>
  <testcase name="testInvalidScoreUpdate" classname="quizzapp.models.UserTest" time="0.001"/>
  <testcase name="testUserInitialization" classname="quizzapp.models.UserTest" time="0.0"/>
  <testcase name="testHashCode" classname="quizzapp.models.UserTest" time="0.001"/>
  <testcase name="testEquality" classname="quizzapp.models.UserTest" time="0.001"/>
</testsuite>